<?xml version="1.0" encoding="UTF-8" ?>
<testsuite tests="4" failures="0" name="cucumberOptions.TestRunner" time="28.926" errors="0" skipped="0">
  <properties>
[...]
</properties>
  <testcase classname="Validation Place API&apos;s" name="Verify if place is added/get sucessfully using Add/get/deletePlaceAPI" time="26.104"/>
  <testcase classname="Validation Place API&apos;s" name="Verify if place is added/get sucessfully using Add/get/deletePlaceAPI" time="0.851"/>
  <testcase classname="Validation Place API&apos;s" name="Verify if place is added/get sucessfully using Add/get/deletePlaceAPI" time="1.439"/>
  <testcase classname="Validation Place API&apos;s" name="Verify delete functionality using DeletePlaceAPI" time="0.532"/>
</testsuite>